Determining if the pthread_create exist failed with the following output:
Change Dir: /data/shaw/C++/exercise/CMakeFiles/CMakeTmp

Run Build Command:"/usr/bin/make" "cmTC_41686/fast"
/usr/bin/make -f CMakeFiles/cmTC_41686.dir/build.make CMakeFiles/cmTC_41686.dir/build
make[1]: Entering directory `/data/shaw/C++/exercise/CMakeFiles/CMakeTmp'
Building C object CMakeFiles/cmTC_41686.dir/CheckSymbolExists.c.o
/usr/bin/cc    -o CMakeFiles/cmTC_41686.dir/CheckSymbolExists.c.o   -c /data/shaw/C++/exercise/CMakeFiles/CMakeTmp/CheckSymbolExists.c
Linking C executable cmTC_41686
/usr/local/bin/cmake -E cmake_link_script CMakeFiles/cmTC_41686.dir/link.txt --verbose=1
/usr/bin/cc      -rdynamic CMakeFiles/cmTC_41686.dir/CheckSymbolExists.c.o  -o cmTC_41686 
CMakeFiles/cmTC_41686.dir/CheckSymbolExists.c.o: In function `main':
CheckSymbolExists.c:(.text+0x16): undefined reference to `pthread_create'
collect2: error: ld returned 1 exit status
make[1]: *** [cmTC_41686] Error 1
make[1]: Leaving directory `/data/shaw/C++/exercise/CMakeFiles/CMakeTmp'
make: *** [cmTC_41686/fast] Error 2

File /data/shaw/C++/exercise/CMakeFiles/CMakeTmp/CheckSymbolExists.c:
/* */
#include <pthread.h>

int main(int argc, char** argv)
{
  (void)argv;
#ifndef pthread_create
  return ((int*)(&pthread_create))[argc];
#else
  (void)argc;
  return 0;
#endif
}

Determining if the function pthread_create exists in the pthreads failed with the following output:
Change Dir: /data/shaw/C++/exercise/CMakeFiles/CMakeTmp

Run Build Command:"/usr/bin/make" "cmTC_fc521/fast"
/usr/bin/make -f CMakeFiles/cmTC_fc521.dir/build.make CMakeFiles/cmTC_fc521.dir/build
make[1]: Entering directory `/data/shaw/C++/exercise/CMakeFiles/CMakeTmp'
Building C object CMakeFiles/cmTC_fc521.dir/CheckFunctionExists.c.o
/usr/bin/cc   -DCHECK_FUNCTION_EXISTS=pthread_create   -o CMakeFiles/cmTC_fc521.dir/CheckFunctionExists.c.o   -c /usr/local/share/cmake-3.13/Modules/CheckFunctionExists.c
Linking C executable cmTC_fc521
/usr/local/bin/cmake -E cmake_link_script CMakeFiles/cmTC_fc521.dir/link.txt --verbose=1
/usr/bin/cc  -DCHECK_FUNCTION_EXISTS=pthread_create    -rdynamic CMakeFiles/cmTC_fc521.dir/CheckFunctionExists.c.o  -o cmTC_fc521 -lpthreads 
/usr/bin/ld: cannot find -lpthreads
collect2: error: ld returned 1 exit status
make[1]: *** [cmTC_fc521] Error 1
make[1]: Leaving directory `/data/shaw/C++/exercise/CMakeFiles/CMakeTmp'
make: *** [cmTC_fc521/fast] Error 2


